<?xml version="1.0" encoding="UTF-8"?>
<!-- Generated by org.testng.reporters.JUnitReportReporter -->
<testsuite skipped="1" hostname="EPRUPETW1763" name="TestNgTests" tests="2" failures="0" timestamp="18 Jan 2018 16:46:43 GMT" time="0.007" errors="0">
  <testcase name="runMyTestGo" time="0.007" classname="TestNgTests"/>
  <testcase name="runMyTest" classname="TestNgTests">
    <skipped/>
  </testcase> <!-- runMyTest -->
</testsuite> <!-- TestNgTests -->
