<?xml version="1.0" encoding="UTF-8"?>
<!-- Generated by org.testng.reporters.JUnitReportReporter -->
<testsuite skipped="0" hostname="EPRUPETW1763" name="WithoutParamsTest" tests="3" failures="0" timestamp="18 Jan 2018 16:47:21 GMT" time="45.954" errors="0">
  <testcase name="getYandex" time="13.537" classname="WithoutParamsTest"/>
  <testcase name="getGoogle" time="7.065" classname="WithoutParamsTest"/>
  <testcase name="sleepForAWhile" time="25.352" classname="WithoutParamsTest"/>
</testsuite> <!-- WithoutParamsTest -->
