<?xml version="1.0" encoding="UTF-8"?>
<!-- Generated by org.testng.reporters.JUnitReportReporter -->
<testsuite skipped="0" hostname="EPRUPETW1763" name="ParamsTest" tests="2" failures="0" timestamp="18 Jan 2018 16:47:21 GMT" time="21.269" errors="0">
  <testcase name="getSearchEngine[1]" time="12.515" classname="ParamsTest"/>
  <testcase name="getSearchEngine[0]" time="8.754" classname="ParamsTest"/>
</testsuite> <!-- ParamsTest -->
